{
"contracts\\Distribution.sol":{"l":{"32":18,"36":16,"40":15,"44":11,"48":7,"52":3,"59":6,"63":4,"64":2,"72":5,"74":8,"79":3,"81":4,"86":1,"87":1,"88":2,"89":2,"90":2,"91":2,"92":2,"93":2,"102":2,"103":2,"104":2,"105":2,"106":2,"107":2,"108":2,"116":1,"117":1,"130":5,"134":3,"138":1,"139":1,"144":1,"149":2},"path":"F:\\Applicature\\contracts\\contract1\\contracts\\Distribution.sol","s":{"1":18,"2":16,"3":15,"4":11,"5":7,"6":6,"7":4,"8":2,"9":5,"10":8,"11":3,"12":4,"13":1,"14":1,"15":2,"16":2,"17":2,"18":2,"19":2,"20":2,"21":2,"22":2,"23":2,"24":2,"25":2,"26":2,"27":2,"28":1,"29":1,"30":5,"31":3,"32":1,"33":1,"34":1,"35":2,"36":1},"b":{"1":[16,2],"2":[11,4],"3":[7,4],"4":[3,4],"5":[4,2],"6":[6,2],"7":[2,2],"8":[3,2],"9":[1,2],"10":[1,1]},"f":{"1":18,"2":15,"3":6,"4":5,"5":2,"6":1,"7":5,"8":1,"9":2},"fnMap":{"1":{"name":"constructor","line":29,"loc":{"start":{"line":29,"column":4},"end":{"line":37,"column":4}}},"2":{"name":"checkForZero","line":39,"loc":{"start":{"line":39,"column":4},"end":{"line":53,"column":4}}},"3":{"name":"deposit","line":58,"loc":{"start":{"line":56,"column":4},"end":{"line":65,"column":4}}},"4":{"name":"addBeneficiaries","line":71,"loc":{"start":{"line":68,"column":4},"end":{"line":95,"column":4}}},"5":{"name":"addBeneficiary","line":101,"loc":{"start":{"line":98,"column":4},"end":{"line":109,"column":4}}},"6":{"name":"decreaseReward","line":115,"loc":{"start":{"line":112,"column":4},"end":{"line":118,"column":4}}},"7":{"name":"emergencyWithdraw","line":129,"loc":{"start":{"line":128,"column":4},"end":{"line":140,"column":4}}},"8":{"name":"_claim","line":143,"loc":{"start":{"line":143,"column":4},"end":{"line":145,"column":4}}},"9":{"name":"lockRewards","line":148,"loc":{"start":{"line":148,"column":4},"end":{"line":150,"column":4}}}},"statementMap":{"1":{"start":{"line":32,"column":8},"end":{"line":32,"column":1072}},"2":{"start":{"line":36,"column":8},"end":{"line":36,"column":34}},"3":{"start":{"line":40,"column":8},"end":{"line":40,"column":1296}},"4":{"start":{"line":44,"column":8},"end":{"line":44,"column":1413}},"5":{"start":{"line":48,"column":8},"end":{"line":48,"column":1541}},"6":{"start":{"line":59,"column":8},"end":{"line":59,"column":1825}},"7":{"start":{"line":63,"column":8},"end":{"line":63,"column":62}},"8":{"start":{"line":64,"column":8},"end":{"line":64,"column":70}},"9":{"start":{"line":72,"column":8},"end":{"line":72,"column":2284}},"10":{"start":{"line":74,"column":12},"end":{"line":74,"column":2392}},"11":{"start":{"line":79,"column":8},"end":{"line":79,"column":2551}},"12":{"start":{"line":81,"column":12},"end":{"line":81,"column":2652}},"13":{"start":{"line":86,"column":8},"end":{"line":86,"column":46}},"14":{"start":{"line":87,"column":8},"end":{"line":87,"column":2836}},"15":{"start":{"line":88,"column":12},"end":{"line":88,"column":58}},"16":{"start":{"line":89,"column":12},"end":{"line":89,"column":51}},"17":{"start":{"line":90,"column":12},"end":{"line":90,"column":61}},"18":{"start":{"line":91,"column":12},"end":{"line":91,"column":59}},"19":{"start":{"line":92,"column":12},"end":{"line":92,"column":73}},"20":{"start":{"line":93,"column":12},"end":{"line":93,"column":81}},"21":{"start":{"line":102,"column":8},"end":{"line":102,"column":46}},"22":{"start":{"line":103,"column":8},"end":{"line":103,"column":51}},"23":{"start":{"line":104,"column":8},"end":{"line":104,"column":44}},"24":{"start":{"line":105,"column":8},"end":{"line":105,"column":54}},"25":{"start":{"line":106,"column":8},"end":{"line":106,"column":49}},"26":{"start":{"line":107,"column":8},"end":{"line":107,"column":63}},"27":{"start":{"line":108,"column":8},"end":{"line":108,"column":71}},"28":{"start":{"line":116,"column":8},"end":{"line":116,"column":57}},"29":{"start":{"line":117,"column":8},"end":{"line":117,"column":65}},"30":{"start":{"line":130,"column":8},"end":{"line":130,"column":4596}},"31":{"start":{"line":134,"column":8},"end":{"line":134,"column":4691}},"32":{"start":{"line":138,"column":8},"end":{"line":138,"column":43}},"33":{"start":{"line":139,"column":8},"end":{"line":139,"column":63}},"34":{"start":{"line":144,"column":8},"end":{"line":144,"column":68}},"35":{"start":{"line":149,"column":8},"end":{"line":149,"column":34}},"36":{"start":{"line":149,"column":19},"end":{"line":149,"column":26}}},"branchMap":{"1":{"line":32,"type":"if","locations":[{"start":{"line":32,"column":8},"end":{"line":32,"column":8}},{"start":{"line":32,"column":8},"end":{"line":32,"column":8}}]},"2":{"line":40,"type":"if","locations":[{"start":{"line":40,"column":8},"end":{"line":40,"column":8}},{"start":{"line":40,"column":8},"end":{"line":40,"column":8}}]},"3":{"line":44,"type":"if","locations":[{"start":{"line":44,"column":8},"end":{"line":44,"column":8}},{"start":{"line":44,"column":8},"end":{"line":44,"column":8}}]},"4":{"line":48,"type":"if","locations":[{"start":{"line":48,"column":8},"end":{"line":48,"column":8}},{"start":{"line":48,"column":8},"end":{"line":48,"column":8}}]},"5":{"line":59,"type":"if","locations":[{"start":{"line":59,"column":8},"end":{"line":59,"column":8}},{"start":{"line":59,"column":8},"end":{"line":59,"column":8}}]},"6":{"line":74,"type":"if","locations":[{"start":{"line":74,"column":12},"end":{"line":74,"column":12}},{"start":{"line":74,"column":12},"end":{"line":74,"column":12}}]},"7":{"line":81,"type":"if","locations":[{"start":{"line":81,"column":12},"end":{"line":81,"column":12}},{"start":{"line":81,"column":12},"end":{"line":81,"column":12}}]},"8":{"line":130,"type":"if","locations":[{"start":{"line":130,"column":8},"end":{"line":130,"column":8}},{"start":{"line":130,"column":8},"end":{"line":130,"column":8}}]},"9":{"line":134,"type":"if","locations":[{"start":{"line":134,"column":8},"end":{"line":134,"column":8}},{"start":{"line":134,"column":8},"end":{"line":134,"column":8}}]},"10":{"line":149,"type":"if","locations":[{"start":{"line":149,"column":8},"end":{"line":149,"column":8}},{"start":{"line":149,"column":8},"end":{"line":149,"column":8}}]}}},
"contracts\\RewardToken.sol":{"l":{"11":16,"15":1},"path":"F:\\Applicature\\contracts\\contract1\\contracts\\RewardToken.sol","s":{"1":16,"2":1},"b":{},"f":{"1":16,"2":1},"fnMap":{"1":{"name":"constructor","line":10,"loc":{"start":{"line":10,"column":4},"end":{"line":12,"column":4}}},"2":{"name":"mint","line":14,"loc":{"start":{"line":14,"column":4},"end":{"line":16,"column":4}}}},"statementMap":{"1":{"start":{"line":11,"column":8},"end":{"line":11,"column":39}},"2":{"start":{"line":15,"column":8},"end":{"line":15,"column":29}}},"branchMap":{}}}
