TN:
SF:F:\Applicature\contracts\contract1\contracts\Distribution.sol
FN:29,constructor
FN:39,checkForZero
FN:58,deposit
FN:71,addBeneficiaries
FN:101,addBeneficiary
FN:115,decreaseReward
FN:129,emergencyWithdraw
FN:143,_claim
FN:148,lockRewards
FNF:9
FNH:9
FNDA:18,constructor
FNDA:15,checkForZero
FNDA:6,deposit
FNDA:5,addBeneficiaries
FNDA:2,addBeneficiary
FNDA:1,decreaseReward
FNDA:5,emergencyWithdraw
FNDA:1,_claim
FNDA:2,lockRewards
DA:32,18
DA:36,16
DA:40,15
DA:44,11
DA:48,7
DA:52,3
DA:59,6
DA:63,4
DA:64,2
DA:72,5
DA:74,8
DA:79,3
DA:81,4
DA:86,1
DA:87,1
DA:88,2
DA:89,2
DA:90,2
DA:91,2
DA:92,2
DA:93,2
DA:102,2
DA:103,2
DA:104,2
DA:105,2
DA:106,2
DA:107,2
DA:108,2
DA:116,1
DA:117,1
DA:130,5
DA:134,3
DA:138,1
DA:139,1
DA:144,1
DA:149,2
LF:36
LH:36
BRDA:32,1,0,16
BRDA:32,1,1,2
BRDA:40,2,0,11
BRDA:40,2,1,4
BRDA:44,3,0,7
BRDA:44,3,1,4
BRDA:48,4,0,3
BRDA:48,4,1,4
BRDA:59,5,0,4
BRDA:59,5,1,2
BRDA:74,6,0,6
BRDA:74,6,1,2
BRDA:81,7,0,2
BRDA:81,7,1,2
BRDA:130,8,0,3
BRDA:130,8,1,2
BRDA:134,9,0,1
BRDA:134,9,1,2
BRDA:149,10,0,1
BRDA:149,10,1,1
BRF:20
BRH:20
end_of_record
TN:
SF:F:\Applicature\contracts\contract1\contracts\RewardToken.sol
FN:10,constructor
FN:14,mint
FNF:2
FNH:2
FNDA:16,constructor
FNDA:1,mint
DA:11,16
DA:15,1
LF:2
LH:2
BRF:0
BRH:0
end_of_record
